<?xml version="1.0" encoding="UTF-8"?>
<testsuite xmlns:xsi="http://www.w3.org/2001/XMLSchema-instance" xsi:noNamespaceSchemaLocation="https://maven.apache.org/surefire/maven-surefire-plugin/xsd/surefire-test-report.xsd" name="ru.netology.domain.RadioTest" time="0.021" tests="12" errors="0" skipped="0" failures="0">
  <properties>
[...]
</properties>
  <testcase name="previousChannel" classname="ru.netology.domain.RadioTest" time="0.001"/>
  <testcase name="checkUnderMinVolume" classname="ru.netology.domain.RadioTest" time="0"/>
  <testcase name="checkOverMaxVolume" classname="ru.netology.domain.RadioTest" time="0.012"/>
  <testcase name="goToZeroChannel" classname="ru.netology.domain.RadioTest" time="0"/>
  <testcase name="increaseVolume" classname="ru.netology.domain.RadioTest" time="0"/>
  <testcase name="underMinChannel" classname="ru.netology.domain.RadioTest" time="0"/>
  <testcase name="overMaxChannel" classname="ru.netology.domain.RadioTest" time="0"/>
  <testcase name="decreaseVolume" classname="ru.netology.domain.RadioTest" time="0"/>
  <testcase name="checkMaxVolume" classname="ru.netology.domain.RadioTest" time="0"/>
  <testcase name="nextChannel" classname="ru.netology.domain.RadioTest" time="0"/>
  <testcase name="checkMinVolume" classname="ru.netology.domain.RadioTest" time="0"/>
  <testcase name="goToNineChannel" classname="ru.netology.domain.RadioTest" time="0"/>
</testsuite>